<?xml version="1.0" encoding="UTF-8"?>
<testsuite xmlns:xsi="http://www.w3.org/2001/XMLSchema-instance" xsi:noNamespaceSchemaLocation="https://maven.apache.org/surefire/maven-surefire-plugin/xsd/surefire-test-report.xsd" name="com.celo.AppTest" time="0.047" tests="1" errors="0" skipped="0" failures="0">
  <properties>
    <property name="sun.desktop" value="windows"/>
    <property name="awt.toolkit" value="sun.awt.windows.WToolkit"/>
    <property name="file.encoding.pkg" value="sun.io"/>
    <property name="java.specification.version" value="1.8"/>
    <property name="sun.cpu.isalist" value="amd64"/>
    <property name="sun.jnu.encoding" value="Cp1252"/>
    <property name="java.class.path" value="C:\myworkbench\psybergate reloaded\projects\spring_revisit\target\test-classes;C:\myworkbench\psybergate reloaded\projects\spring_revisit\target\classes;C:\Users\celokuhlo.myeza\.m2\repository\org\springframework\spring-core\5.0.8.RELEASE\spring-core-5.0.8.RELEASE.jar;C:\Users\celokuhlo.myeza\.m2\repository\org\springframework\spring-jcl\5.0.8.RELEASE\spring-jcl-5.0.8.RELEASE.jar;C:\Users\celokuhlo.myeza\.m2\repository\junit\junit\4.11\junit-4.11.jar;C:\Users\celokuhlo.myeza\.m2\repository\org\hamcrest\hamcrest-core\1.3\hamcrest-core-1.3.jar;C:\Users\celokuhlo.myeza\.m2\repository\org\springframework\spring-beans\5.0.8.RELEASE\spring-beans-5.0.8.RELEASE.jar;"/>
    <property name="java.vm.vendor" value="Oracle Corporation"/>
    <property name="sun.arch.data.model" value="64"/>
    <property name="user.variant" value=""/>
    <property name="java.vendor.url" value="http://java.oracle.com/"/>
    <property name="user.timezone" value=""/>
    <property name="java.vm.specification.version" value="1.8"/>
    <property name="os.name" value="Windows 10"/>
    <property name="user.country" value="US"/>
    <property name="sun.java.launcher" value="SUN_STANDARD"/>
    <property name="sun.boot.library.path" value="C:\myprograms\java\jdk_inst\jre\bin"/>
    <property name="sun.java.command" value="C:\Users\CELOKU~1.MYE\AppData\Local\Temp\surefire2376393596762953285\surefirebooter7885751852539033231.jar C:\Users\celokuhlo.myeza\AppData\Local\Temp\surefire2376393596762953285 2018-09-04T00-19-01_541-jvmRun1 surefire7664354552588003806tmp surefire_05878123960386816346tmp"/>
    <property name="surefire.test.class.path" value="C:\myworkbench\psybergate reloaded\projects\spring_revisit\target\test-classes;C:\myworkbench\psybergate reloaded\projects\spring_revisit\target\classes;C:\Users\celokuhlo.myeza\.m2\repository\org\springframework\spring-core\5.0.8.RELEASE\spring-core-5.0.8.RELEASE.jar;C:\Users\celokuhlo.myeza\.m2\repository\org\springframework\spring-jcl\5.0.8.RELEASE\spring-jcl-5.0.8.RELEASE.jar;C:\Users\celokuhlo.myeza\.m2\repository\junit\junit\4.11\junit-4.11.jar;C:\Users\celokuhlo.myeza\.m2\repository\org\hamcrest\hamcrest-core\1.3\hamcrest-core-1.3.jar;C:\Users\celokuhlo.myeza\.m2\repository\org\springframework\spring-beans\5.0.8.RELEASE\spring-beans-5.0.8.RELEASE.jar;"/>
    <property name="sun.cpu.endian" value="little"/>
    <property name="user.home" value="C:\Users\celokuhlo.myeza"/>
    <property name="user.language" value="en"/>
    <property name="java.specification.vendor" value="Oracle Corporation"/>
    <property name="java.home" value="C:\myprograms\java\jdk_inst\jre"/>
    <property name="basedir" value="C:\myworkbench\psybergate reloaded\projects\spring_revisit"/>
    <property name="file.separator" value="\"/>
    <property name="line.separator" value="&#10;"/>
    <property name="java.vm.specification.vendor" value="Oracle Corporation"/>
    <property name="java.specification.name" value="Java Platform API Specification"/>
    <property name="java.awt.graphicsenv" value="sun.awt.Win32GraphicsEnvironment"/>
    <property name="surefire.real.class.path" value="C:\Users\CELOKU~1.MYE\AppData\Local\Temp\surefire2376393596762953285\surefirebooter7885751852539033231.jar"/>
    <property name="sun.boot.class.path" value="C:\myprograms\java\jdk_inst\jre\lib\resources.jar;C:\myprograms\java\jdk_inst\jre\lib\rt.jar;C:\myprograms\java\jdk_inst\jre\lib\sunrsasign.jar;C:\myprograms\java\jdk_inst\jre\lib\jsse.jar;C:\myprograms\java\jdk_inst\jre\lib\jce.jar;C:\myprograms\java\jdk_inst\jre\lib\charsets.jar;C:\myprograms\java\jdk_inst\jre\lib\jfr.jar;C:\myprograms\java\jdk_inst\jre\classes"/>
    <property name="user.script" value=""/>
    <property name="sun.management.compiler" value="HotSpot 64-Bit Tiered Compilers"/>
    <property name="java.runtime.version" value="1.8.0_152-b16"/>
    <property name="user.name" value="celokuhlo.myeza"/>
    <property name="path.separator" value=";"/>
    <property name="os.version" value="10.0"/>
    <property name="java.endorsed.dirs" value="C:\myprograms\java\jdk_inst\jre\lib\endorsed"/>
    <property name="java.runtime.name" value="Java(TM) SE Runtime Environment"/>
    <property name="file.encoding" value="Cp1252"/>
    <property name="java.vm.name" value="Java HotSpot(TM) 64-Bit Server VM"/>
    <property name="localRepository" value="C:\Users\celokuhlo.myeza\.m2\repository"/>
    <property name="java.vendor.url.bug" value="http://bugreport.sun.com/bugreport/"/>
    <property name="java.io.tmpdir" value="C:\Users\CELOKU~1.MYE\AppData\Local\Temp\"/>
    <property name="idea.version" value="2017.3.5"/>
    <property name="java.version" value="1.8.0_152"/>
    <property name="user.dir" value="C:\myworkbench\psybergate reloaded\projects\spring_revisit"/>
    <property name="os.arch" value="amd64"/>
    <property name="java.vm.specification.name" value="Java Virtual Machine Specification"/>
    <property name="java.awt.printerjob" value="sun.awt.windows.WPrinterJob"/>
    <property name="sun.os.patch.level" value=""/>
    <property name="java.library.path" value="C:\myprograms\java\jdk_inst\jre\bin;C:\WINDOWS\Sun\Java\bin;C:\WINDOWS\system32;C:\WINDOWS;C:\Program Files (x86)\Common Files\Oracle\Java\javapath;C:\ProgramData\Oracle\Java\javapath;C:\WINDOWS\system32;C:\WINDOWS;C:\WINDOWS\System32\Wbem;C:\WINDOWS\System32\WindowsPowerShell\v1.0\;C:\Program Files (x86)\ATI Technologies\ATI.ACE\Core-Static;C:\myprograms\git\cmd;C:\myprograms\maven\apache-maven-3.5.2-bin\apache-maven-3.5.2\bin;C:\myprograms\maven\apache-maven-3.5.2-bin\apache-maven-3.5.2\bin;C:\myprograms\web servers\wildfly\wildfly-11.0.0.Final\wildfly-11.0.0.Final\bin;C:\Program Files (x86)\Bitvise SSH Client;C:\myprograms\web servers\payara\payara-4.1.2.174\payara41\bin;C:\Users\celokuhlo.myeza\Desktop;C:\myprograms\node.js\;C:\myprograms\yarn\bin\;C:\WINDOWS\System32\OpenSSH\;C:\Program Files\Microsoft SQL Server\Client SDK\ODBC\130\Tools\Binn\;C:\Program Files (x86)\Microsoft SQL Server\140\Tools\Binn\;C:\Program Files\Microsoft SQL Server\140\Tools\Binn\;C:\Program Files\Microsoft SQL Server\140\DTS\Binn\;C:\Users\celokuhlo.myeza\AppData\Local\Microsoft\WindowsApps;C:\myprograms\git;C:\myprograms\java\jdk_inst\bin;C:\myprograms\database servers\postgres\bin;C:\Users\celokuhlo.myeza\AppData\Roaming\npm;C:\myprograms\ide&apos;s\vs code\bin;C:\Users\celokuhlo.myeza\AppData\Local\Yarn\bin;;."/>
    <property name="java.vm.info" value="mixed mode"/>
    <property name="java.vendor" value="Oracle Corporation"/>
    <property name="java.vm.version" value="25.152-b16"/>
    <property name="java.ext.dirs" value="C:\myprograms\java\jdk_inst\jre\lib\ext;C:\WINDOWS\Sun\Java\lib\ext"/>
    <property name="sun.io.unicode.encoding" value="UnicodeLittle"/>
    <property name="java.class.version" value="52.0"/>
  </properties>
  <testcase name="shouldAnswerWithTrue" classname="com.celo.AppTest" time="0.002"/>
</testsuite>